2024-05-10 07:24:17 INFO  TC001_AccountRegistrationTest:15 - ***** Starting TC001_AccountRegistrationTest  ****
2024-05-10 07:24:17 INFO  TC001_AccountRegistrationTest:21 - Clicked on MyAccount Link.. 
2024-05-10 07:24:18 INFO  TC001_AccountRegistrationTest:24 - Clicked on Register Link.. 
2024-05-10 07:24:18 INFO  TC001_AccountRegistrationTest:28 - Providing customer details...
2024-05-10 07:24:20 INFO  TC001_AccountRegistrationTest:42 - Validating expected message..
2024-05-10 07:24:20 INFO  TC001_AccountRegistrationTest:47 - Test passed
2024-05-10 07:24:20 INFO  TC001_AccountRegistrationTest:56 - ***** Finished TC001_AccountRegistrationTest *****
2024-05-10 07:24:25 INFO  TC002_LoginTest:16 - ****** Startign TC_002_LoginTest *****
2024-05-10 07:24:28 INFO  TC002_LoginTest:41 - ****** Finished TC_002_LoginTest *****
2024-05-10 07:27:33 INFO  TC001_AccountRegistrationTest:15 - ***** Starting TC001_AccountRegistrationTest  ****
2024-05-10 07:27:33 INFO  TC001_AccountRegistrationTest:21 - Clicked on MyAccount Link.. 
2024-05-10 07:27:34 INFO  TC001_AccountRegistrationTest:24 - Clicked on Register Link.. 
2024-05-10 07:27:34 INFO  TC001_AccountRegistrationTest:28 - Providing customer details...
2024-05-10 07:27:36 INFO  TC001_AccountRegistrationTest:42 - Validating expected message..
2024-05-10 07:27:36 INFO  TC001_AccountRegistrationTest:47 - Test passed
2024-05-10 07:27:36 INFO  TC001_AccountRegistrationTest:56 - ***** Finished TC001_AccountRegistrationTest *****
2024-05-10 07:27:41 INFO  TC002_LoginTest:16 - ****** Startign TC_002_LoginTest *****
2024-05-10 07:27:45 INFO  TC002_LoginTest:41 - ****** Finished TC_002_LoginTest *****
2025-06-27 17:05:38 INFO  TC001_AccountRegistrationTest:15 - ***** Starting TC001_AccountRegistrationTest  ****
2025-06-27 17:05:39 INFO  TC001_AccountRegistrationTest:21 - Clicked on MyAccount Link.. 
2025-06-27 17:05:39 INFO  TC001_AccountRegistrationTest:24 - Clicked on Register Link.. 
2025-06-27 17:05:39 INFO  TC001_AccountRegistrationTest:28 - Providing customer details...
2025-06-27 17:05:41 INFO  TC001_AccountRegistrationTest:42 - Validating expected message..
2025-06-27 17:05:41 INFO  TC001_AccountRegistrationTest:47 - Test passed
2025-06-27 17:05:41 INFO  TC001_AccountRegistrationTest:56 - ***** Finished TC001_AccountRegistrationTest *****
2025-06-27 17:05:43 INFO  TC002_LoginTest:16 - ****** Startign TC_002_LoginTest *****
2025-06-27 17:07:11 INFO  TC001_AccountRegistrationTest:15 - ***** Starting TC001_AccountRegistrationTest  ****
2025-06-27 17:07:11 INFO  TC001_AccountRegistrationTest:21 - Clicked on MyAccount Link.. 
2025-06-27 17:07:12 INFO  TC001_AccountRegistrationTest:24 - Clicked on Register Link.. 
2025-06-27 17:07:12 INFO  TC001_AccountRegistrationTest:28 - Providing customer details...
2025-06-27 17:07:13 INFO  TC001_AccountRegistrationTest:42 - Validating expected message..
2025-06-27 17:07:13 INFO  TC001_AccountRegistrationTest:47 - Test passed
2025-06-27 17:07:13 INFO  TC001_AccountRegistrationTest:56 - ***** Finished TC001_AccountRegistrationTest *****
2025-06-27 17:07:16 INFO  TC002_LoginTest:16 - ****** Startign TC_002_LoginTest *****
2025-06-27 17:08:49 INFO  TC001_AccountRegistrationTest:15 - ***** Starting TC001_AccountRegistrationTest  ****
2025-06-27 17:08:49 INFO  TC001_AccountRegistrationTest:21 - Clicked on MyAccount Link.. 
2025-06-27 17:08:50 INFO  TC001_AccountRegistrationTest:24 - Clicked on Register Link.. 
2025-06-27 17:08:50 INFO  TC001_AccountRegistrationTest:28 - Providing customer details...
2025-06-27 17:08:51 INFO  TC001_AccountRegistrationTest:42 - Validating expected message..
2025-06-27 17:08:51 INFO  TC001_AccountRegistrationTest:47 - Test passed
2025-06-27 17:08:51 INFO  TC001_AccountRegistrationTest:56 - ***** Finished TC001_AccountRegistrationTest *****
2025-06-27 17:08:54 INFO  TC002_LoginTest:16 - ****** Startign TC_002_LoginTest *****
